<?xml version="1.0" encoding="UTF-8"?>
<testng-results skipped="0" failed="0" ignored="0" total="1" passed="1">
  <reporter-output>
    <line>
      <![CDATA[CreateCustomer]]>
    </line>
    <line>
      <![CDATA[CloseBrowser]]>
    </line>
  </reporter-output>
  <suite name="Default suite" duration-ms="51829" started-at="2020-09-07T16:35:50Z" finished-at="2020-09-07T16:36:42Z">
    <groups>
    </groups>
    <test name="Default test" duration-ms="51829" started-at="2020-09-07T16:35:50Z" finished-at="2020-09-07T16:36:42Z">
      <class name="com.actitime.test.CreateCustomer">
        <test-method status="PASS" signature="openBrowser()[pri:0, instance:com.actitime.test.CreateCustomer@28d25987]" name="openBrowser" is-config="true" duration-ms="4031" started-at="2020-09-07T22:05:50Z" finished-at="2020-09-07T22:05:54Z">
          <reporter-output>
          </reporter-output>
        </test-method> <!-- openBrowser -->
        <test-method status="PASS" signature="login()[pri:0, instance:com.actitime.test.CreateCustomer@28d25987]" name="login" is-config="true" duration-ms="27127" started-at="2020-09-07T22:05:55Z" finished-at="2020-09-07T22:06:22Z">
          <reporter-output>
          </reporter-output>
        </test-method> <!-- login -->
        <test-method status="PASS" signature="testCreateCustomer()[pri:0, instance:com.actitime.test.CreateCustomer@28d25987]" name="testCreateCustomer" duration-ms="8" started-at="2020-09-07T22:06:22Z" finished-at="2020-09-07T22:06:22Z">
          <reporter-output>
            <line>
              <![CDATA[CreateCustomer]]>
            </line>
          </reporter-output>
        </test-method> <!-- testCreateCustomer -->
        <test-method status="PASS" signature="logout()[pri:0, instance:com.actitime.test.CreateCustomer@28d25987]" name="logout" is-config="true" duration-ms="10388" started-at="2020-09-07T22:06:22Z" finished-at="2020-09-07T22:06:32Z">
          <reporter-output>
          </reporter-output>
        </test-method> <!-- logout -->
        <test-method status="PASS" signature="closeBrowser()[pri:0, instance:com.actitime.test.CreateCustomer@28d25987]" name="closeBrowser" is-config="true" duration-ms="10240" started-at="2020-09-07T22:06:32Z" finished-at="2020-09-07T22:06:42Z">
          <reporter-output>
            <line>
              <![CDATA[CloseBrowser]]>
            </line>
          </reporter-output>
        </test-method> <!-- closeBrowser -->
      </class> <!-- com.actitime.test.CreateCustomer -->
    </test> <!-- Default test -->
  </suite> <!-- Default suite -->
</testng-results>
